<?xml version="1.0" encoding="UTF-8"?>
<!-- Generated by org.testng.reporters.JUnitXMLReporter -->
<testsuite hostname="LAPTOP-7VNC4V5A" ignored="0" name="Surefire test" tests="9" failures="1" timestamp="2020-03-23T18:49:47 GMT" time="267.768" errors="0">
  <testcase name="userShouldBeAbleToSortProductHighToLowByPrice" time="5.048" classname="com.NopCom.TestSuit"/>
  <testcase name="userShouldAbleToChangeCurrency" time="6.199" classname="com.NopCom.TestSuit"/>
  <testcase name="userShouldAbleToAddNewCommentOnNopCommerceWebsite" time="15.303" classname="com.NopCom.TestSuit"/>
  <testcase name="verifyGuestUserShouldAbleToCheckoutSuccessfully" time="31.08" classname="com.NopCom.TestSuit"/>
  <testcase name="verifyAddToCartButtonIsPresentOnAllFeaturedProducts" time="1.776" classname="com.NopCom.TestSuit"/>
  <testcase name="nonRegisterUserShouldNotBeAbleToReferAProductToFriend" time="11.64" classname="com.NopCom.TestSuit"/>
  <testcase name="userShouldBeAbleToCompareTwoDifferentProductsSuccessfully" time="20.774" classname="com.NopCom.TestSuit"/>
  <testcase name="userShouldAbleToRegisterSuccessfully" time="7.463" classname="com.NopCom.TestSuit"/>
  <testcase name="registerUserShouldBeAbleToReferProductToTheFriend" time="53.75" classname="com.NopCom.TestSuit">
    <failure type="org.openqa.selenium.NoSuchElementException" message="no such element: Unable to locate element: {&amp;quot;method&amp;quot;:&amp;quot;xpath&amp;quot;,&amp;quot;selector&amp;quot;:&amp;quot;//*[@class=&amp;quot;email-a-friend&amp;quot;]&amp;quot;}
  (Session info: chrome=80.0.3987.149)
For documentation on this error, please visit: https://www.seleniumhq.org/exceptions/no_such_element.html
Build info: version: &amp;apos;3.141.59&amp;apos;, revision: &amp;apos;e82be7d358&amp;apos;, time: &amp;apos;2018-11-14T08:17:03&amp;apos;
System info: host: &amp;apos;LAPTOP-7VNC4V5A&amp;apos;, ip: &amp;apos;192.168.0.14&amp;apos;, os.name: &amp;apos;Windows 10&amp;apos;, os.arch: &amp;apos;amd64&amp;apos;, os.version: &amp;apos;10.0&amp;apos;, java.version: &amp;apos;1.8.0_221&amp;apos;
Driver info: org.openqa.selenium.chrome.ChromeDriver
Capabilities {acceptInsecureCerts: false, browserName: chrome, browserVersion: 80.0.3987.149, chrome: {chromedriverVersion: 79.0.3945.36 (3582db32b3389..., userDataDir: C:\Users\sapan\AppData\Loca...}, goog:chromeOptions: {debuggerAddress: localhost:58637}, javascriptEnabled: true, networkConnectionEnabled: false, pageLoadStrategy: normal, platform: WINDOWS, platformName: WINDOWS, proxy: Proxy(), setWindowRect: true, strictFileInteractability: false, timeouts: {implicit: 0, pageLoad: 300000, script: 30000}, unhandledPromptBehavior: dismiss and notify}
Session ID: 93f1e8265752ed70d6d25887d21a4588
*** Element info: {Using=xpath, value=//*[@class=&amp;quot;email-a-friend&amp;quot;]}">
      <![CDATA[org.openqa.selenium.NoSuchElementException: no such element: Unable to locate element: {"method":"xpath","selector":"//*[@class="email-a-friend"]"}
  (Session info: chrome=80.0.3987.149)
For documentation on this error, please visit: https://www.seleniumhq.org/exceptions/no_such_element.html
Build info: version: '3.141.59', revision: 'e82be7d358', time: '2018-11-14T08:17:03'
System info: host: 'LAPTOP-7VNC4V5A', ip: '192.168.0.14', os.name: 'Windows 10', os.arch: 'amd64', os.version: '10.0', java.version: '1.8.0_221'
Driver info: org.openqa.selenium.chrome.ChromeDriver
Capabilities {acceptInsecureCerts: false, browserName: chrome, browserVersion: 80.0.3987.149, chrome: {chromedriverVersion: 79.0.3945.36 (3582db32b3389..., userDataDir: C:\Users\sapan\AppData\Loca...}, goog:chromeOptions: {debuggerAddress: localhost:58637}, javascriptEnabled: true, networkConnectionEnabled: false, pageLoadStrategy: normal, platform: WINDOWS, platformName: WINDOWS, proxy: Proxy(), setWindowRect: true, strictFileInteractability: false, timeouts: {implicit: 0, pageLoad: 300000, script: 30000}, unhandledPromptBehavior: dismiss and notify}
Session ID: 93f1e8265752ed70d6d25887d21a4588
*** Element info: {Using=xpath, value=//*[@class="email-a-friend"]}
at org.openqa.selenium.remote.http.W3CHttpResponseCodec.createException(W3CHttpResponseCodec.java:187)
at org.openqa.selenium.remote.http.W3CHttpResponseCodec.decode(W3CHttpResponseCodec.java:122)
at org.openqa.selenium.remote.http.W3CHttpResponseCodec.decode(W3CHttpResponseCodec.java:49)
at org.openqa.selenium.remote.HttpCommandExecutor.execute(HttpCommandExecutor.java:158)
at org.openqa.selenium.remote.service.DriverCommandExecutor.execute(DriverCommandExecutor.java:83)
at org.openqa.selenium.remote.RemoteWebDriver.execute(RemoteWebDriver.java:552)
at org.openqa.selenium.remote.RemoteWebDriver.findElement(RemoteWebDriver.java:323)
at org.openqa.selenium.remote.RemoteWebDriver.findElementByXPath(RemoteWebDriver.java:428)
at org.openqa.selenium.By$ByXPath.findElement(By.java:353)
at org.openqa.selenium.remote.RemoteWebDriver.findElement(RemoteWebDriver.java:315)
at com.NopCom.Utils.scrollAndClick(Utils.java:145)
at com.NopCom.ProductEmailAFriend.emailAFriend(ProductEmailAFriend.java:11)
at com.NopCom.TestSuit.registerUserShouldBeAbleToReferProductToTheFriend(TestSuit.java:112)
at java.util.ArrayList.forEach(ArrayList.java:1257)
... Removed 36 stack frames]]>
    </failure>
  </testcase> <!-- registerUserShouldBeAbleToReferProductToTheFriend -->
</testsuite> <!-- Surefire test -->
