<?xml version="1.0" encoding="UTF-8"?>
<testng-results skipped="0" failed="1" ignored="0" total="9" passed="8">
  <reporter-output>
  </reporter-output>
  <suite name="Surefire suite" duration-ms="267768" started-at="2020-03-23T18:45:19 GMT" finished-at="2020-03-23T18:49:47 GMT">
    <groups>
    </groups>
    <test name="Surefire test" duration-ms="267768" started-at="2020-03-23T18:45:19 GMT" finished-at="2020-03-23T18:49:47 GMT">
      <class name="com.NopCom.TestSuit">
        <test-method status="PASS" signature="openBrowser()[pri:0, instance:com.NopCom.TestSuit@617faa95]" name="openBrowser" is-config="true" duration-ms="14561" started-at="2020-03-23T18:45:19 GMT" finished-at="2020-03-23T18:45:34 GMT">
          <reporter-output>
          </reporter-output>
        </test-method> <!-- openBrowser -->
        <test-method status="PASS" signature="userShouldBeAbleToSortProductHighToLowByPrice()[pri:1, instance:com.NopCom.TestSuit@617faa95]" name="userShouldBeAbleToSortProductHighToLowByPrice" duration-ms="5048" started-at="2020-03-23T18:45:34 GMT" finished-at="2020-03-23T18:45:39 GMT">
          <reporter-output>
          </reporter-output>
        </test-method> <!-- userShouldBeAbleToSortProductHighToLowByPrice -->
        <test-method status="PASS" signature="closeBrowser(org.testng.ITestResult)[pri:0, instance:com.NopCom.TestSuit@617faa95]" name="closeBrowser" is-config="true" duration-ms="814" started-at="2020-03-23T18:45:39 GMT" finished-at="2020-03-23T18:45:39 GMT">
          <params>
            <param index="0">
              <value>
                <![CDATA[[TestResult name=userShouldBeAbleToSortProductHighToLowByPrice status=SUCCESS method=TestSuit.userShouldBeAbleToSortProductHighToLowByPrice()[pri:1, instance:com.NopCom.TestSuit@617faa95] output={null}]]]>
              </value>
            </param>
          </params>
          <reporter-output>
          </reporter-output>
        </test-method> <!-- closeBrowser -->
        <test-method status="PASS" signature="openBrowser()[pri:0, instance:com.NopCom.TestSuit@617faa95]" name="openBrowser" is-config="true" duration-ms="11809" started-at="2020-03-23T18:45:39 GMT" finished-at="2020-03-23T18:45:51 GMT">
          <reporter-output>
          </reporter-output>
        </test-method> <!-- openBrowser -->
        <test-method status="PASS" signature="userShouldAbleToChangeCurrency()[pri:2, instance:com.NopCom.TestSuit@617faa95]" name="userShouldAbleToChangeCurrency" duration-ms="6199" started-at="2020-03-23T18:45:51 GMT" finished-at="2020-03-23T18:45:57 GMT">
          <reporter-output>
          </reporter-output>
        </test-method> <!-- userShouldAbleToChangeCurrency -->
        <test-method status="PASS" signature="closeBrowser(org.testng.ITestResult)[pri:0, instance:com.NopCom.TestSuit@617faa95]" name="closeBrowser" is-config="true" duration-ms="809" started-at="2020-03-23T18:45:57 GMT" finished-at="2020-03-23T18:45:58 GMT">
          <params>
            <param index="0">
              <value>
                <![CDATA[[TestResult name=userShouldAbleToChangeCurrency status=SUCCESS method=TestSuit.userShouldAbleToChangeCurrency()[pri:2, instance:com.NopCom.TestSuit@617faa95] output={null}]]]>
              </value>
            </param>
          </params>
          <reporter-output>
          </reporter-output>
        </test-method> <!-- closeBrowser -->
        <test-method status="PASS" signature="openBrowser()[pri:0, instance:com.NopCom.TestSuit@617faa95]" name="openBrowser" is-config="true" duration-ms="11084" started-at="2020-03-23T18:45:58 GMT" finished-at="2020-03-23T18:46:09 GMT">
          <reporter-output>
          </reporter-output>
        </test-method> <!-- openBrowser -->
        <test-method status="PASS" signature="userShouldAbleToAddNewCommentOnNopCommerceWebsite()[pri:3, instance:com.NopCom.TestSuit@617faa95]" name="userShouldAbleToAddNewCommentOnNopCommerceWebsite" duration-ms="15303" started-at="2020-03-23T18:46:09 GMT" finished-at="2020-03-23T18:46:25 GMT">
          <reporter-output>
          </reporter-output>
        </test-method> <!-- userShouldAbleToAddNewCommentOnNopCommerceWebsite -->
        <test-method status="PASS" signature="closeBrowser(org.testng.ITestResult)[pri:0, instance:com.NopCom.TestSuit@617faa95]" name="closeBrowser" is-config="true" duration-ms="824" started-at="2020-03-23T18:46:25 GMT" finished-at="2020-03-23T18:46:25 GMT">
          <params>
            <param index="0">
              <value>
                <![CDATA[[TestResult name=userShouldAbleToAddNewCommentOnNopCommerceWebsite status=SUCCESS method=TestSuit.userShouldAbleToAddNewCommentOnNopCommerceWebsite()[pri:3, instance:com.NopCom.TestSuit@617faa95] output={null}]]]>
              </value>
            </param>
          </params>
          <reporter-output>
          </reporter-output>
        </test-method> <!-- closeBrowser -->
        <test-method status="PASS" signature="openBrowser()[pri:0, instance:com.NopCom.TestSuit@617faa95]" name="openBrowser" is-config="true" duration-ms="11514" started-at="2020-03-23T18:46:25 GMT" finished-at="2020-03-23T18:46:37 GMT">
          <reporter-output>
          </reporter-output>
        </test-method> <!-- openBrowser -->
        <test-method status="PASS" signature="verifyGuestUserShouldAbleToCheckoutSuccessfully()[pri:4, instance:com.NopCom.TestSuit@617faa95]" name="verifyGuestUserShouldAbleToCheckoutSuccessfully" duration-ms="31080" started-at="2020-03-23T18:46:37 GMT" finished-at="2020-03-23T18:47:08 GMT">
          <reporter-output>
          </reporter-output>
        </test-method> <!-- verifyGuestUserShouldAbleToCheckoutSuccessfully -->
        <test-method status="PASS" signature="closeBrowser(org.testng.ITestResult)[pri:0, instance:com.NopCom.TestSuit@617faa95]" name="closeBrowser" is-config="true" duration-ms="770" started-at="2020-03-23T18:47:08 GMT" finished-at="2020-03-23T18:47:09 GMT">
          <params>
            <param index="0">
              <value>
                <![CDATA[[TestResult name=verifyGuestUserShouldAbleToCheckoutSuccessfully status=SUCCESS method=TestSuit.verifyGuestUserShouldAbleToCheckoutSuccessfully()[pri:4, instance:com.NopCom.TestSuit@617faa95] output={null}]]]>
              </value>
            </param>
          </params>
          <reporter-output>
          </reporter-output>
        </test-method> <!-- closeBrowser -->
        <test-method status="PASS" signature="openBrowser()[pri:0, instance:com.NopCom.TestSuit@617faa95]" name="openBrowser" is-config="true" duration-ms="11736" started-at="2020-03-23T18:47:09 GMT" finished-at="2020-03-23T18:47:21 GMT">
          <reporter-output>
          </reporter-output>
        </test-method> <!-- openBrowser -->
        <test-method status="PASS" signature="verifyAddToCartButtonIsPresentOnAllFeaturedProducts()[pri:5, instance:com.NopCom.TestSuit@617faa95]" name="verifyAddToCartButtonIsPresentOnAllFeaturedProducts" duration-ms="1776" started-at="2020-03-23T18:47:21 GMT" finished-at="2020-03-23T18:47:22 GMT">
          <reporter-output>
          </reporter-output>
        </test-method> <!-- verifyAddToCartButtonIsPresentOnAllFeaturedProducts -->
        <test-method status="PASS" signature="closeBrowser(org.testng.ITestResult)[pri:0, instance:com.NopCom.TestSuit@617faa95]" name="closeBrowser" is-config="true" duration-ms="730" started-at="2020-03-23T18:47:22 GMT" finished-at="2020-03-23T18:47:23 GMT">
          <params>
            <param index="0">
              <value>
                <![CDATA[[TestResult name=verifyAddToCartButtonIsPresentOnAllFeaturedProducts status=SUCCESS method=TestSuit.verifyAddToCartButtonIsPresentOnAllFeaturedProducts()[pri:5, instance:com.NopCom.TestSuit@617faa95] output={null}]]]>
              </value>
            </param>
          </params>
          <reporter-output>
          </reporter-output>
        </test-method> <!-- closeBrowser -->
        <test-method status="PASS" signature="openBrowser()[pri:0, instance:com.NopCom.TestSuit@617faa95]" name="openBrowser" is-config="true" duration-ms="12126" started-at="2020-03-23T18:47:23 GMT" finished-at="2020-03-23T18:47:35 GMT">
          <reporter-output>
          </reporter-output>
        </test-method> <!-- openBrowser -->
        <test-method status="PASS" signature="nonRegisterUserShouldNotBeAbleToReferAProductToFriend()[pri:6, instance:com.NopCom.TestSuit@617faa95]" name="nonRegisterUserShouldNotBeAbleToReferAProductToFriend" duration-ms="11640" started-at="2020-03-23T18:47:35 GMT" finished-at="2020-03-23T18:47:47 GMT">
          <reporter-output>
          </reporter-output>
        </test-method> <!-- nonRegisterUserShouldNotBeAbleToReferAProductToFriend -->
        <test-method status="PASS" signature="closeBrowser(org.testng.ITestResult)[pri:0, instance:com.NopCom.TestSuit@617faa95]" name="closeBrowser" is-config="true" duration-ms="824" started-at="2020-03-23T18:47:47 GMT" finished-at="2020-03-23T18:47:48 GMT">
          <params>
            <param index="0">
              <value>
                <![CDATA[[TestResult name=nonRegisterUserShouldNotBeAbleToReferAProductToFriend status=SUCCESS method=TestSuit.nonRegisterUserShouldNotBeAbleToReferAProductToFriend()[pri:6, instance:com.NopCom.TestSuit@617faa95] output={null}]]]>
              </value>
            </param>
          </params>
          <reporter-output>
          </reporter-output>
        </test-method> <!-- closeBrowser -->
        <test-method status="PASS" signature="openBrowser()[pri:0, instance:com.NopCom.TestSuit@617faa95]" name="openBrowser" is-config="true" duration-ms="10800" started-at="2020-03-23T18:47:48 GMT" finished-at="2020-03-23T18:47:58 GMT">
          <reporter-output>
          </reporter-output>
        </test-method> <!-- openBrowser -->
        <test-method status="PASS" signature="userShouldBeAbleToCompareTwoDifferentProductsSuccessfully()[pri:7, instance:com.NopCom.TestSuit@617faa95]" name="userShouldBeAbleToCompareTwoDifferentProductsSuccessfully" duration-ms="20774" started-at="2020-03-23T18:47:58 GMT" finished-at="2020-03-23T18:48:19 GMT">
          <reporter-output>
          </reporter-output>
        </test-method> <!-- userShouldBeAbleToCompareTwoDifferentProductsSuccessfully -->
        <test-method status="PASS" signature="closeBrowser(org.testng.ITestResult)[pri:0, instance:com.NopCom.TestSuit@617faa95]" name="closeBrowser" is-config="true" duration-ms="826" started-at="2020-03-23T18:48:19 GMT" finished-at="2020-03-23T18:48:20 GMT">
          <params>
            <param index="0">
              <value>
                <![CDATA[[TestResult name=userShouldBeAbleToCompareTwoDifferentProductsSuccessfully status=SUCCESS method=TestSuit.userShouldBeAbleToCompareTwoDifferentProductsSuccessfully()[pri:7, instance:com.NopCom.TestSuit@617faa95] output={null}]]]>
              </value>
            </param>
          </params>
          <reporter-output>
          </reporter-output>
        </test-method> <!-- closeBrowser -->
        <test-method status="PASS" signature="openBrowser()[pri:0, instance:com.NopCom.TestSuit@617faa95]" name="openBrowser" is-config="true" duration-ms="11597" started-at="2020-03-23T18:48:20 GMT" finished-at="2020-03-23T18:48:32 GMT">
          <reporter-output>
          </reporter-output>
        </test-method> <!-- openBrowser -->
        <test-method status="PASS" signature="userShouldAbleToRegisterSuccessfully()[pri:8, instance:com.NopCom.TestSuit@617faa95]" name="userShouldAbleToRegisterSuccessfully" duration-ms="7463" started-at="2020-03-23T18:48:32 GMT" finished-at="2020-03-23T18:48:39 GMT">
          <reporter-output>
          </reporter-output>
        </test-method> <!-- userShouldAbleToRegisterSuccessfully -->
        <test-method status="PASS" signature="closeBrowser(org.testng.ITestResult)[pri:0, instance:com.NopCom.TestSuit@617faa95]" name="closeBrowser" is-config="true" duration-ms="752" started-at="2020-03-23T18:48:39 GMT" finished-at="2020-03-23T18:48:40 GMT">
          <params>
            <param index="0">
              <value>
                <![CDATA[[TestResult name=userShouldAbleToRegisterSuccessfully status=SUCCESS method=TestSuit.userShouldAbleToRegisterSuccessfully()[pri:8, instance:com.NopCom.TestSuit@617faa95] output={null}]]]>
              </value>
            </param>
          </params>
          <reporter-output>
          </reporter-output>
        </test-method> <!-- closeBrowser -->
        <test-method status="PASS" signature="openBrowser()[pri:0, instance:com.NopCom.TestSuit@617faa95]" name="openBrowser" is-config="true" duration-ms="11792" started-at="2020-03-23T18:48:40 GMT" finished-at="2020-03-23T18:48:52 GMT">
          <reporter-output>
          </reporter-output>
        </test-method> <!-- openBrowser -->
        <test-method status="FAIL" signature="registerUserShouldBeAbleToReferProductToTheFriend()[pri:9, instance:com.NopCom.TestSuit@617faa95]" name="registerUserShouldBeAbleToReferProductToTheFriend" duration-ms="53750" started-at="2020-03-23T18:48:52 GMT" finished-at="2020-03-23T18:49:45 GMT">
          <exception class="org.openqa.selenium.NoSuchElementException">
            <message>
              <![CDATA[no such element: Unable to locate element: {"method":"xpath","selector":"//*[@class="email-a-friend"]"}
  (Session info: chrome=80.0.3987.149)
For documentation on this error, please visit: https://www.seleniumhq.org/exceptions/no_such_element.html
Build info: version: '3.141.59', revision: 'e82be7d358', time: '2018-11-14T08:17:03'
System info: host: 'LAPTOP-7VNC4V5A', ip: '192.168.0.14', os.name: 'Windows 10', os.arch: 'amd64', os.version: '10.0', java.version: '1.8.0_221'
Driver info: org.openqa.selenium.chrome.ChromeDriver
Capabilities {acceptInsecureCerts: false, browserName: chrome, browserVersion: 80.0.3987.149, chrome: {chromedriverVersion: 79.0.3945.36 (3582db32b3389..., userDataDir: C:\Users\sapan\AppData\Loca...}, goog:chromeOptions: {debuggerAddress: localhost:58637}, javascriptEnabled: true, networkConnectionEnabled: false, pageLoadStrategy: normal, platform: WINDOWS, platformName: WINDOWS, proxy: Proxy(), setWindowRect: true, strictFileInteractability: false, timeouts: {implicit: 0, pageLoad: 300000, script: 30000}, unhandledPromptBehavior: dismiss and notify}
Session ID: 93f1e8265752ed70d6d25887d21a4588
*** Element info: {Using=xpath, value=//*[@class="email-a-friend"]}]]>
            </message>
            <full-stacktrace>
              <![CDATA[org.openqa.selenium.NoSuchElementException: no such element: Unable to locate element: {"method":"xpath","selector":"//*[@class="email-a-friend"]"}
  (Session info: chrome=80.0.3987.149)
For documentation on this error, please visit: https://www.seleniumhq.org/exceptions/no_such_element.html
Build info: version: '3.141.59', revision: 'e82be7d358', time: '2018-11-14T08:17:03'
System info: host: 'LAPTOP-7VNC4V5A', ip: '192.168.0.14', os.name: 'Windows 10', os.arch: 'amd64', os.version: '10.0', java.version: '1.8.0_221'
Driver info: org.openqa.selenium.chrome.ChromeDriver
Capabilities {acceptInsecureCerts: false, browserName: chrome, browserVersion: 80.0.3987.149, chrome: {chromedriverVersion: 79.0.3945.36 (3582db32b3389..., userDataDir: C:\Users\sapan\AppData\Loca...}, goog:chromeOptions: {debuggerAddress: localhost:58637}, javascriptEnabled: true, networkConnectionEnabled: false, pageLoadStrategy: normal, platform: WINDOWS, platformName: WINDOWS, proxy: Proxy(), setWindowRect: true, strictFileInteractability: false, timeouts: {implicit: 0, pageLoad: 300000, script: 30000}, unhandledPromptBehavior: dismiss and notify}
Session ID: 93f1e8265752ed70d6d25887d21a4588
*** Element info: {Using=xpath, value=//*[@class="email-a-friend"]}
at sun.reflect.NativeConstructorAccessorImpl.newInstance0(Native Method)
at sun.reflect.NativeConstructorAccessorImpl.newInstance(NativeConstructorAccessorImpl.java:62)
at sun.reflect.DelegatingConstructorAccessorImpl.newInstance(DelegatingConstructorAccessorImpl.java:45)
at java.lang.reflect.Constructor.newInstance(Constructor.java:423)
at org.openqa.selenium.remote.http.W3CHttpResponseCodec.createException(W3CHttpResponseCodec.java:187)
at org.openqa.selenium.remote.http.W3CHttpResponseCodec.decode(W3CHttpResponseCodec.java:122)
at org.openqa.selenium.remote.http.W3CHttpResponseCodec.decode(W3CHttpResponseCodec.java:49)
at org.openqa.selenium.remote.HttpCommandExecutor.execute(HttpCommandExecutor.java:158)
at org.openqa.selenium.remote.service.DriverCommandExecutor.execute(DriverCommandExecutor.java:83)
at org.openqa.selenium.remote.RemoteWebDriver.execute(RemoteWebDriver.java:552)
at org.openqa.selenium.remote.RemoteWebDriver.findElement(RemoteWebDriver.java:323)
at org.openqa.selenium.remote.RemoteWebDriver.findElementByXPath(RemoteWebDriver.java:428)
at org.openqa.selenium.By$ByXPath.findElement(By.java:353)
at org.openqa.selenium.remote.RemoteWebDriver.findElement(RemoteWebDriver.java:315)
at com.NopCom.Utils.scrollAndClick(Utils.java:145)
at com.NopCom.ProductEmailAFriend.emailAFriend(ProductEmailAFriend.java:11)
at com.NopCom.TestSuit.registerUserShouldBeAbleToReferProductToTheFriend(TestSuit.java:112)
at sun.reflect.NativeMethodAccessorImpl.invoke0(Native Method)
at sun.reflect.NativeMethodAccessorImpl.invoke(NativeMethodAccessorImpl.java:62)
at sun.reflect.DelegatingMethodAccessorImpl.invoke(DelegatingMethodAccessorImpl.java:43)
at java.lang.reflect.Method.invoke(Method.java:498)
at org.testng.internal.MethodInvocationHelper.invokeMethod(MethodInvocationHelper.java:134)
at org.testng.internal.TestInvoker.invokeMethod(TestInvoker.java:597)
at org.testng.internal.TestInvoker.invokeTestMethod(TestInvoker.java:173)
at org.testng.internal.MethodRunner.runInSequence(MethodRunner.java:46)
at org.testng.internal.TestInvoker$MethodInvocationAgent.invoke(TestInvoker.java:816)
at org.testng.internal.TestInvoker.invokeTestMethods(TestInvoker.java:146)
at org.testng.internal.TestMethodWorker.invokeTestMethods(TestMethodWorker.java:146)
at org.testng.internal.TestMethodWorker.run(TestMethodWorker.java:128)
at java.util.ArrayList.forEach(ArrayList.java:1257)
at org.testng.TestRunner.privateRun(TestRunner.java:766)
at org.testng.TestRunner.run(TestRunner.java:587)
at org.testng.SuiteRunner.runTest(SuiteRunner.java:384)
at org.testng.SuiteRunner.runSequentially(SuiteRunner.java:378)
at org.testng.SuiteRunner.privateRun(SuiteRunner.java:337)
at org.testng.SuiteRunner.run(SuiteRunner.java:286)
at org.testng.SuiteRunnerWorker.runSuite(SuiteRunnerWorker.java:53)
at org.testng.SuiteRunnerWorker.run(SuiteRunnerWorker.java:96)
at org.testng.TestNG.runSuitesSequentially(TestNG.java:1187)
at org.testng.TestNG.runSuitesLocally(TestNG.java:1109)
at org.testng.TestNG.runSuites(TestNG.java:1039)
at org.testng.TestNG.run(TestNG.java:1007)
at org.apache.maven.surefire.testng.TestNGExecutor.run(TestNGExecutor.java:135)
at org.apache.maven.surefire.testng.TestNGDirectoryTestSuite.executeMulti(TestNGDirectoryTestSuite.java:193)
at org.apache.maven.surefire.testng.TestNGDirectoryTestSuite.execute(TestNGDirectoryTestSuite.java:94)
at org.apache.maven.surefire.testng.TestNGProvider.invoke(TestNGProvider.java:146)
at org.apache.maven.surefire.booter.ForkedBooter.invokeProviderInSameClassLoader(ForkedBooter.java:384)
at org.apache.maven.surefire.booter.ForkedBooter.runSuitesInProcess(ForkedBooter.java:345)
at org.apache.maven.surefire.booter.ForkedBooter.execute(ForkedBooter.java:126)
at org.apache.maven.surefire.booter.ForkedBooter.main(ForkedBooter.java:418)
]]>
            </full-stacktrace>
          </exception> <!-- org.openqa.selenium.NoSuchElementException -->
          <reporter-output>
          </reporter-output>
        </test-method> <!-- registerUserShouldBeAbleToReferProductToTheFriend -->
        <test-method status="PASS" signature="closeBrowser(org.testng.ITestResult)[pri:0, instance:com.NopCom.TestSuit@617faa95]" name="closeBrowser" is-config="true" duration-ms="1228" started-at="2020-03-23T18:49:45 GMT" finished-at="2020-03-23T18:49:47 GMT">
          <params>
            <param index="0">
              <value>
                <![CDATA[[TestResult name=registerUserShouldBeAbleToReferProductToTheFriend status=FAILURE method=TestSuit.registerUserShouldBeAbleToReferProductToTheFriend()[pri:9, instance:com.NopCom.TestSuit@617faa95] output={null}]]]>
              </value>
            </param>
          </params>
          <reporter-output>
          </reporter-output>
        </test-method> <!-- closeBrowser -->
      </class> <!-- com.NopCom.TestSuit -->
    </test> <!-- Surefire test -->
  </suite> <!-- Surefire suite -->
</testng-results>
